1614358447932	geckodriver	INFO	Listening on 127.0.0.1:55801
1614358447947	mozrunner::runner	INFO	Running command: "/usr/bin/firefox" "--marionette" "-headless" "-foreground" "-no-remote" "-profile" "/tmp/rust_mozprofilec8OGXt"
*** You are running in headless mode.
console.info: MINT: Trying to use the system region (based on LANG).
console.info: MINT: System region is US
console.warn: SearchSettings: "get: No settings file exists, new profile?" (new Error("", "(unknown module)"))
console.info: MINT: Loading search-config defaults.
JavaScript error: resource://gre/modules/TelemetryUtils.jsm, line 159: TypeError: date is undefined
1614358451154	Marionette	INFO	Listening on port 42381
1614358451195	Marionette	WARN	TLS certificate errors will be ignored for this session
1614358451213	Marionette	ERROR	[15] No reply from Marionette:Register
1614358453027	Marionette	INFO	Stopped listening on port 42381
JavaScript error: resource://activity-stream/lib/ASRouter.jsm, line 987: NS_ERROR_ILLEGAL_VALUE: Component returned failure code: 0x80070057 (NS_ERROR_ILLEGAL_VALUE) [nsIObserverService.removeObserver]
console.error: services.settings: 
  main/whats-new-panel Signature failed  TypeError: NetworkError when attempting to fetch resource.
1614361117095	geckodriver	INFO	Listening on 127.0.0.1:51253
1614361117103	mozrunner::runner	INFO	Running command: "/usr/bin/firefox" "--marionette" "-headless" "-foreground" "-no-remote" "-profile" "/tmp/rust_mozprofileetPbmA"
*** You are running in headless mode.
console.info: MINT: Trying to use the system region (based on LANG).
console.info: MINT: System region is US
console.warn: SearchSettings: "get: No settings file exists, new profile?" (new Error("", "(unknown module)"))
console.info: MINT: Loading search-config defaults.
JavaScript error: resource://gre/modules/TelemetryUtils.jsm, line 159: TypeError: date is undefined
1614361119956	Marionette	INFO	Listening on port 35071
1614361120043	Marionette	WARN	TLS certificate errors will be ignored for this session
1614361120060	Marionette	ERROR	[15] No reply from Marionette:Register
JavaScript error: http://oshot.info/members/wp-content/plugins/wishlist-widget-control/js/jquery.tooltip.js?ver=1.3, line 27: TypeError: $.browser is undefined
JavaScript warning: http://oshot.info/members/wp-content/plugins/wishlist-widget-control/js/jquery.tooltip.wlp.js?ver=5.6.2, line 38: unreachable code after return statement
JavaScript error: resource://gre/modules/XULStore.jsm, line 66: Error: Can't find profile directory.
JavaScript error: resource://gre/modules/XULStore.jsm, line 66: Error: Can't find profile directory.
JavaScript error: http://oshot.info/members/wp-content/plugins/wishlist-widget-control/js/jquery.tooltip.wlp.js?ver=5.6.2, line 9: TypeError: $(...).tooltip is not a function
1614361125762	Marionette	INFO	Stopped listening on port 35071
1614361352018	geckodriver	INFO	Listening on 127.0.0.1:32857
1614361352027	mozrunner::runner	INFO	Running command: "/usr/bin/firefox" "--marionette" "-headless" "-foreground" "-no-remote" "-profile" "/tmp/rust_mozprofileV4dsgj"
*** You are running in headless mode.
console.info: MINT: Trying to use the system region (based on LANG).
console.info: MINT: System region is US
console.warn: SearchSettings: "get: No settings file exists, new profile?" (new Error("", "(unknown module)"))
console.info: MINT: Loading search-config defaults.
JavaScript error: resource://gre/modules/TelemetryUtils.jsm, line 159: TypeError: date is undefined
1614361354791	Marionette	INFO	Listening on port 45943
1614361354878	Marionette	WARN	TLS certificate errors will be ignored for this session
1614361354899	Marionette	ERROR	[15] No reply from Marionette:Register
JavaScript error: http://oshot.info/members/wp-content/plugins/wishlist-widget-control/js/jquery.tooltip.js?ver=1.3, line 27: TypeError: $.browser is undefined
JavaScript warning: http://oshot.info/members/wp-content/plugins/wishlist-widget-control/js/jquery.tooltip.wlp.js?ver=5.6.2, line 38: unreachable code after return statement
JavaScript error: resource://gre/modules/XULStore.jsm, line 66: Error: Can't find profile directory.
JavaScript error: resource://gre/modules/XULStore.jsm, line 66: Error: Can't find profile directory.
JavaScript error: http://oshot.info/members/wp-content/plugins/wishlist-widget-control/js/jquery.tooltip.wlp.js?ver=5.6.2, line 9: TypeError: $(...).tooltip is not a function
1614361358288	Marionette	INFO	Stopped listening on port 45943

###!!! [Parent][RunMessage] Error: Channel closing: too late to send/recv, messages will be lost

1614369051679	geckodriver	INFO	Listening on 127.0.0.1:53875
1614369051683	mozrunner::runner	INFO	Running command: "/usr/bin/firefox" "--marionette" "-headless" "-foreground" "-no-remote" "-profile" "/tmp/rust_mozprofileCoBniM"
*** You are running in headless mode.
console.info: MINT: Trying to use the system region (based on LANG).
console.info: MINT: System region is US
console.warn: SearchSettings: "get: No settings file exists, new profile?" (new Error("", "(unknown module)"))
console.info: MINT: Loading search-config defaults.
JavaScript error: resource://gre/modules/TelemetryUtils.jsm, line 159: TypeError: date is undefined
1614369054582	Marionette	INFO	Listening on port 34269
1614369054628	Marionette	WARN	TLS certificate errors will be ignored for this session
1614369054650	Marionette	ERROR	[15] No reply from Marionette:Register
JavaScript error: http://oshot.info/members/wp-content/plugins/wishlist-widget-control/js/jquery.tooltip.js?ver=1.3, line 27: TypeError: $.browser is undefined
JavaScript warning: http://oshot.info/members/wp-content/plugins/wishlist-widget-control/js/jquery.tooltip.wlp.js?ver=5.6.2, line 38: unreachable code after return statement
JavaScript error: resource://gre/modules/XULStore.jsm, line 66: Error: Can't find profile directory.
JavaScript error: resource://gre/modules/XULStore.jsm, line 66: Error: Can't find profile directory.
JavaScript error: http://oshot.info/members/wp-content/plugins/wishlist-widget-control/js/jquery.tooltip.wlp.js?ver=5.6.2, line 9: TypeError: $(...).tooltip is not a function
1614369127818	geckodriver	INFO	Listening on 127.0.0.1:41261
1614369127834	mozrunner::runner	INFO	Running command: "/usr/bin/firefox" "--marionette" "-headless" "-foreground" "-no-remote" "-profile" "/tmp/rust_mozprofiled5vXtV"
*** You are running in headless mode.
console.info: MINT: Trying to use the system region (based on LANG).
console.info: MINT: System region is US
console.warn: SearchSettings: "get: No settings file exists, new profile?" (new Error("", "(unknown module)"))
console.info: MINT: Loading search-config defaults.
JavaScript error: resource://gre/modules/TelemetryUtils.jsm, line 159: TypeError: date is undefined
1614369131271	Marionette	INFO	Listening on port 39811
1614369131419	Marionette	WARN	TLS certificate errors will be ignored for this session
1614369131458	Marionette	ERROR	[15] No reply from Marionette:Register
JavaScript error: http://oshot.info/members/wp-content/plugins/wishlist-widget-control/js/jquery.tooltip.js?ver=1.3, line 27: TypeError: $.browser is undefined
JavaScript warning: http://oshot.info/members/wp-content/plugins/wishlist-widget-control/js/jquery.tooltip.wlp.js?ver=5.6.2, line 38: unreachable code after return statement
JavaScript error: resource://gre/modules/XULStore.jsm, line 66: Error: Can't find profile directory.
JavaScript error: resource://gre/modules/XULStore.jsm, line 66: Error: Can't find profile directory.
JavaScript error: http://oshot.info/members/wp-content/plugins/wishlist-widget-control/js/jquery.tooltip.wlp.js?ver=5.6.2, line 9: TypeError: $(...).tooltip is not a function
console.info: MINT: main/search-config update being skipped
console.info: MINT: main/search-config update being skipped
console.log: WebExtensions: reset-default-search: No addons in our list are installed.
console.log: WebExtensions: reset-default-search: No addons in our list are installed.
1614369863673	geckodriver	INFO	Listening on 127.0.0.1:57019
1614369863679	mozrunner::runner	INFO	Running command: "/usr/bin/firefox" "--marionette" "-headless" "-foreground" "-no-remote" "-profile" "/tmp/rust_mozprofileLQbS3M"
*** You are running in headless mode.
console.info: MINT: Trying to use the system region (based on LANG).
console.info: MINT: System region is US
console.warn: SearchSettings: "get: No settings file exists, new profile?" (new Error("", "(unknown module)"))
console.info: MINT: Loading search-config defaults.
JavaScript error: resource://gre/modules/TelemetryUtils.jsm, line 159: TypeError: date is undefined
1614369866707	Marionette	INFO	Listening on port 41953
1614369866884	Marionette	WARN	TLS certificate errors will be ignored for this session
1614369866910	Marionette	ERROR	[15] No reply from Marionette:Register
JavaScript error: http://oshot.info/members/wp-content/plugins/wishlist-widget-control/js/jquery.tooltip.js?ver=1.3, line 27: TypeError: $.browser is undefined
JavaScript warning: http://oshot.info/members/wp-content/plugins/wishlist-widget-control/js/jquery.tooltip.wlp.js?ver=5.6.2, line 38: unreachable code after return statement
JavaScript error: resource://gre/modules/XULStore.jsm, line 66: Error: Can't find profile directory.
JavaScript error: resource://gre/modules/XULStore.jsm, line 66: Error: Can't find profile directory.
JavaScript error: http://oshot.info/members/wp-content/plugins/wishlist-widget-control/js/jquery.tooltip.wlp.js?ver=5.6.2, line 9: TypeError: $(...).tooltip is not a function
1614370024159	geckodriver	INFO	Listening on 127.0.0.1:58291
1614370024172	mozrunner::runner	INFO	Running command: "/usr/bin/firefox" "--marionette" "-headless" "-foreground" "-no-remote" "-profile" "/tmp/rust_mozprofileDa0PEy"
*** You are running in headless mode.
console.info: MINT: Trying to use the system region (based on LANG).
console.info: MINT: System region is US
console.warn: SearchSettings: "get: No settings file exists, new profile?" (new Error("", "(unknown module)"))
console.info: MINT: Loading search-config defaults.
JavaScript error: resource://gre/modules/TelemetryUtils.jsm, line 159: TypeError: date is undefined
1614370027703	Marionette	INFO	Listening on port 37443
1614370027812	Marionette	WARN	TLS certificate errors will be ignored for this session
1614370027829	Marionette	ERROR	[15] No reply from Marionette:Register
JavaScript error: http://oshot.info/members/wp-content/plugins/wishlist-widget-control/js/jquery.tooltip.js?ver=1.3, line 27: TypeError: $.browser is undefined
JavaScript warning: http://oshot.info/members/wp-content/plugins/wishlist-widget-control/js/jquery.tooltip.wlp.js?ver=5.6.2, line 38: unreachable code after return statement
JavaScript error: resource://gre/modules/XULStore.jsm, line 66: Error: Can't find profile directory.
JavaScript error: resource://gre/modules/XULStore.jsm, line 66: Error: Can't find profile directory.
JavaScript error: http://oshot.info/members/wp-content/plugins/wishlist-widget-control/js/jquery.tooltip.wlp.js?ver=5.6.2, line 9: TypeError: $(...).tooltip is not a function
1614370035084	Marionette	INFO	Stopped listening on port 37443

###!!! [Child][RunMessage] Error: Channel closing: too late to send/recv, messages will be lost

1614370087659	geckodriver	INFO	Listening on 127.0.0.1:57459
1614370087664	mozrunner::runner	INFO	Running command: "/usr/bin/firefox" "--marionette" "-headless" "-foreground" "-no-remote" "-profile" "/tmp/rust_mozprofileAUJ7BO"
*** You are running in headless mode.
console.info: MINT: Trying to use the system region (based on LANG).
console.info: MINT: System region is US
console.warn: SearchSettings: "get: No settings file exists, new profile?" (new Error("", "(unknown module)"))
console.info: MINT: Loading search-config defaults.
JavaScript error: resource://gre/modules/TelemetryUtils.jsm, line 159: TypeError: date is undefined
1614370090824	Marionette	INFO	Listening on port 33011
1614370090912	Marionette	WARN	TLS certificate errors will be ignored for this session
1614370090929	Marionette	ERROR	[15] No reply from Marionette:Register
JavaScript error: http://oshot.info/members/wp-content/plugins/wishlist-widget-control/js/jquery.tooltip.js?ver=1.3, line 27: TypeError: $.browser is undefined
JavaScript warning: http://oshot.info/members/wp-content/plugins/wishlist-widget-control/js/jquery.tooltip.wlp.js?ver=5.6.2, line 38: unreachable code after return statement
JavaScript error: resource://gre/modules/XULStore.jsm, line 66: Error: Can't find profile directory.
JavaScript error: resource://gre/modules/XULStore.jsm, line 66: Error: Can't find profile directory.
JavaScript error: http://oshot.info/members/wp-content/plugins/wishlist-widget-control/js/jquery.tooltip.wlp.js?ver=5.6.2, line 9: TypeError: $(...).tooltip is not a function
1614370105832	Marionette	INFO	Stopped listening on port 33011

###!!! [Child][RunMessage] Error: Channel closing: too late to send/recv, messages will be lost


###!!! [Parent][RunMessage] Error: Channel closing: too late to send/recv, messages will be lost

console.info: MINT: main/search-config update being skipped
console.log: WebExtensions: reset-default-search: No addons in our list are installed.
1614371557425	geckodriver	INFO	Listening on 127.0.0.1:54655
1614371557429	mozrunner::runner	INFO	Running command: "/usr/bin/firefox" "--marionette" "-headless" "-foreground" "-no-remote" "-profile" "/tmp/rust_mozprofileKQe68O"
*** You are running in headless mode.
console.info: MINT: Trying to use the system region (based on LANG).
console.info: MINT: System region is US
console.warn: SearchSettings: "get: No settings file exists, new profile?" (new Error("", "(unknown module)"))
console.info: MINT: Loading search-config defaults.
JavaScript error: resource://gre/modules/TelemetryUtils.jsm, line 159: TypeError: date is undefined
1614371560417	Marionette	INFO	Listening on port 37309
1614371560474	Marionette	WARN	TLS certificate errors will be ignored for this session
1614371560491	Marionette	ERROR	[15] No reply from Marionette:Register
JavaScript error: http://oshot.info/members/wp-content/plugins/wishlist-widget-control/js/jquery.tooltip.js?ver=1.3, line 27: TypeError: $.browser is undefined
JavaScript warning: http://oshot.info/members/wp-content/plugins/wishlist-widget-control/js/jquery.tooltip.wlp.js?ver=5.6.2, line 38: unreachable code after return statement
JavaScript error: resource://gre/modules/XULStore.jsm, line 66: Error: Can't find profile directory.
JavaScript error: resource://gre/modules/XULStore.jsm, line 66: Error: Can't find profile directory.
JavaScript error: http://oshot.info/members/wp-content/plugins/wishlist-widget-control/js/jquery.tooltip.wlp.js?ver=5.6.2, line 9: TypeError: $(...).tooltip is not a function
1614371584873	Marionette	INFO	Stopped listening on port 37309
1614371684170	geckodriver	INFO	Listening on 127.0.0.1:40885
1614371684174	mozrunner::runner	INFO	Running command: "/usr/bin/firefox" "--marionette" "-headless" "-foreground" "-no-remote" "-profile" "/tmp/rust_mozprofileYWxg8A"
*** You are running in headless mode.
console.info: MINT: Trying to use the system region (based on LANG).
console.info: MINT: System region is US
console.warn: SearchSettings: "get: No settings file exists, new profile?" (new Error("", "(unknown module)"))
console.info: MINT: Loading search-config defaults.
JavaScript error: resource://gre/modules/TelemetryUtils.jsm, line 159: TypeError: date is undefined
1614371687265	Marionette	INFO	Listening on port 42357
1614371687322	Marionette	WARN	TLS certificate errors will be ignored for this session
1614371687340	Marionette	ERROR	[15] No reply from Marionette:Register
JavaScript error: http://oshot.info/members/wp-content/plugins/wishlist-widget-control/js/jquery.tooltip.js?ver=1.3, line 27: TypeError: $.browser is undefined
JavaScript warning: http://oshot.info/members/wp-content/plugins/wishlist-widget-control/js/jquery.tooltip.wlp.js?ver=5.6.2, line 38: unreachable code after return statement
JavaScript error: resource://gre/modules/XULStore.jsm, line 66: Error: Can't find profile directory.
JavaScript error: resource://gre/modules/XULStore.jsm, line 66: Error: Can't find profile directory.
JavaScript error: http://oshot.info/members/wp-content/plugins/wishlist-widget-control/js/jquery.tooltip.wlp.js?ver=5.6.2, line 9: TypeError: $(...).tooltip is not a function
1614371698410	Marionette	INFO	Stopped listening on port 42357
1614373341303	geckodriver	INFO	Listening on 127.0.0.1:45247
1614373341309	mozrunner::runner	INFO	Running command: "/usr/bin/firefox" "--marionette" "-headless" "-foreground" "-no-remote" "-profile" "/tmp/rust_mozprofile8OzT1M"
*** You are running in headless mode.
console.info: MINT: Trying to use the system region (based on LANG).
console.info: MINT: System region is US
console.warn: SearchSettings: "get: No settings file exists, new profile?" (new Error("", "(unknown module)"))
console.info: MINT: Loading search-config defaults.
JavaScript error: resource://gre/modules/TelemetryUtils.jsm, line 159: TypeError: date is undefined
1614373344921	Marionette	INFO	Listening on port 41691
1614373345076	Marionette	WARN	TLS certificate errors will be ignored for this session
1614373345111	Marionette	ERROR	[15] No reply from Marionette:Register
JavaScript error: http://oshot.info/members/wp-content/plugins/wishlist-widget-control/js/jquery.tooltip.js?ver=1.3, line 27: TypeError: $.browser is undefined
JavaScript warning: http://oshot.info/members/wp-content/plugins/wishlist-widget-control/js/jquery.tooltip.wlp.js?ver=5.6.2, line 38: unreachable code after return statement
JavaScript error: resource://gre/modules/XULStore.jsm, line 66: Error: Can't find profile directory.
JavaScript error: resource://gre/modules/XULStore.jsm, line 66: Error: Can't find profile directory.
JavaScript error: http://oshot.info/members/wp-content/plugins/wishlist-widget-control/js/jquery.tooltip.wlp.js?ver=5.6.2, line 9: TypeError: $(...).tooltip is not a function
Exiting due to channel error.
Exiting due to channel error.
[GFX1-]: Receive IPC close with reason=AbnormalShutdown
Exiting due to channel error.
Exiting due to channel error.
Exiting due to channel error.
[GFX1-]: Receive IPC close with reason=AbnormalShutdown
Exiting due to channel error.
Exiting due to channel error.
Exiting due to channel error.
Exiting due to channel error.
1614373409106	geckodriver	INFO	Listening on 127.0.0.1:41219
1614373409110	mozrunner::runner	INFO	Running command: "/usr/bin/firefox" "--marionette" "-headless" "-foreground" "-no-remote" "-profile" "/tmp/rust_mozprofile0fxWzH"
*** You are running in headless mode.
console.info: MINT: Trying to use the system region (based on LANG).
console.info: MINT: System region is US
console.warn: SearchSettings: "get: No settings file exists, new profile?" (new Error("", "(unknown module)"))
console.info: MINT: Loading search-config defaults.
JavaScript error: resource://gre/modules/TelemetryUtils.jsm, line 159: TypeError: date is undefined
1614373411981	Marionette	INFO	Listening on port 34399
1614373412058	Marionette	WARN	TLS certificate errors will be ignored for this session
1614373412075	Marionette	ERROR	[15] No reply from Marionette:Register
Exiting due to channel error.
Exiting due to channel error.
Exiting due to channel error.
1614373489261	geckodriver	INFO	Listening on 127.0.0.1:38591
1614373489265	mozrunner::runner	INFO	Running command: "/usr/bin/firefox" "--marionette" "-headless" "-foreground" "-no-remote" "-profile" "/tmp/rust_mozprofile7Z81zB"
*** You are running in headless mode.
console.info: MINT: Trying to use the system region (based on LANG).
console.info: MINT: System region is US
console.warn: SearchSettings: "get: No settings file exists, new profile?" (new Error("", "(unknown module)"))
console.info: MINT: Loading search-config defaults.
JavaScript error: resource://gre/modules/TelemetryUtils.jsm, line 159: TypeError: date is undefined
1614373492432	Marionette	INFO	Listening on port 34313
1614373492503	Marionette	WARN	TLS certificate errors will be ignored for this session
1614373492520	Marionette	ERROR	[15] No reply from Marionette:Register
JavaScript error: http://oshot.info/members/wp-content/plugins/wishlist-widget-control/js/jquery.tooltip.js?ver=1.3, line 27: TypeError: $.browser is undefined
JavaScript warning: http://oshot.info/members/wp-content/plugins/wishlist-widget-control/js/jquery.tooltip.wlp.js?ver=5.6.2, line 38: unreachable code after return statement
JavaScript error: resource://gre/modules/XULStore.jsm, line 66: Error: Can't find profile directory.
JavaScript error: resource://gre/modules/XULStore.jsm, line 66: Error: Can't find profile directory.
JavaScript error: http://oshot.info/members/wp-content/plugins/wishlist-widget-control/js/jquery.tooltip.wlp.js?ver=5.6.2, line 9: TypeError: $(...).tooltip is not a function
1614373514553	geckodriver	INFO	Listening on 127.0.0.1:45341
1614373514562	mozrunner::runner	INFO	Running command: "/usr/bin/firefox" "--marionette" "-headless" "-foreground" "-no-remote" "-profile" "/tmp/rust_mozprofileH2deEc"
*** You are running in headless mode.
console.info: MINT: Trying to use the system region (based on LANG).
console.info: MINT: System region is US
console.warn: SearchSettings: "get: No settings file exists, new profile?" (new Error("", "(unknown module)"))
console.info: MINT: Loading search-config defaults.
JavaScript error: resource://gre/modules/TelemetryUtils.jsm, line 159: TypeError: date is undefined
1614373517829	Marionette	INFO	Listening on port 41719
1614373517899	Marionette	WARN	TLS certificate errors will be ignored for this session
1614373517916	Marionette	ERROR	[15] No reply from Marionette:Register
JavaScript error: http://oshot.info/members/wp-content/plugins/wishlist-widget-control/js/jquery.tooltip.js?ver=1.3, line 27: TypeError: $.browser is undefined
JavaScript warning: http://oshot.info/members/wp-content/plugins/wishlist-widget-control/js/jquery.tooltip.wlp.js?ver=5.6.2, line 38: unreachable code after return statement
JavaScript error: resource://gre/modules/XULStore.jsm, line 66: Error: Can't find profile directory.
JavaScript error: resource://gre/modules/XULStore.jsm, line 66: Error: Can't find profile directory.
JavaScript error: http://oshot.info/members/wp-content/plugins/wishlist-widget-control/js/jquery.tooltip.wlp.js?ver=5.6.2, line 9: TypeError: $(...).tooltip is not a function
Exiting due to channel error.
Exiting due to channel error.
Exiting due to channel error.
[GFX1-]: Receive IPC close with reason=AbnormalShutdown
Exiting due to channel error.
Exiting due to channel error.
[GFX1-]: Receive IPC close with reason=AbnormalShutdown
Exiting due to channel error.
1614373599731	geckodriver	INFO	Listening on 127.0.0.1:53579
1614373599734	mozrunner::runner	INFO	Running command: "/usr/bin/firefox" "--marionette" "-headless" "-foreground" "-no-remote" "-profile" "/tmp/rust_mozprofilexBtN1I"
*** You are running in headless mode.
console.info: MINT: Trying to use the system region (based on LANG).
console.info: MINT: System region is US
console.warn: SearchSettings: "get: No settings file exists, new profile?" (new Error("", "(unknown module)"))
console.info: MINT: Loading search-config defaults.
JavaScript error: resource://gre/modules/TelemetryUtils.jsm, line 159: TypeError: date is undefined
1614373602440	Marionette	INFO	Listening on port 38475
1614373602595	Marionette	WARN	TLS certificate errors will be ignored for this session
1614373602626	Marionette	ERROR	[15] No reply from Marionette:Register
JavaScript error: http://oshot.info/members/wp-content/plugins/wishlist-widget-control/js/jquery.tooltip.js?ver=1.3, line 27: TypeError: $.browser is undefined
JavaScript warning: http://oshot.info/members/wp-content/plugins/wishlist-widget-control/js/jquery.tooltip.wlp.js?ver=5.6.2, line 38: unreachable code after return statement
JavaScript error: resource://gre/modules/XULStore.jsm, line 66: Error: Can't find profile directory.
JavaScript error: resource://gre/modules/XULStore.jsm, line 66: Error: Can't find profile directory.
JavaScript error: http://oshot.info/members/wp-content/plugins/wishlist-widget-control/js/jquery.tooltip.wlp.js?ver=5.6.2, line 9: TypeError: $(...).tooltip is not a function
Exiting due to channel error.
Exiting due to channel error.
Exiting due to channel error.
1614373637278	geckodriver	INFO	Listening on 127.0.0.1:54097
1614373637287	mozrunner::runner	INFO	Running command: "/usr/bin/firefox" "--marionette" "-headless" "-foreground" "-no-remote" "-profile" "/tmp/rust_mozprofilew9GdhB"
*** You are running in headless mode.
console.info: MINT: Trying to use the system region (based on LANG).
console.info: MINT: System region is US
console.warn: SearchSettings: "get: No settings file exists, new profile?" (new Error("", "(unknown module)"))
console.info: MINT: Loading search-config defaults.
JavaScript error: resource://gre/modules/TelemetryUtils.jsm, line 159: TypeError: date is undefined
1614373640603	Marionette	INFO	Listening on port 41681
1614373640725	Marionette	WARN	TLS certificate errors will be ignored for this session
1614373640745	Marionette	ERROR	[15] No reply from Marionette:Register
JavaScript error: http://oshot.info/members/wp-content/plugins/wishlist-widget-control/js/jquery.tooltip.js?ver=1.3, line 27: TypeError: $.browser is undefined
JavaScript warning: http://oshot.info/members/wp-content/plugins/wishlist-widget-control/js/jquery.tooltip.wlp.js?ver=5.6.2, line 38: unreachable code after return statement
JavaScript error: resource://gre/modules/XULStore.jsm, line 66: Error: Can't find profile directory.
JavaScript error: resource://gre/modules/XULStore.jsm, line 66: Error: Can't find profile directory.
JavaScript error: http://oshot.info/members/wp-content/plugins/wishlist-widget-control/js/jquery.tooltip.wlp.js?ver=5.6.2, line 9: TypeError: $(...).tooltip is not a function
Exiting due to channel error.
Exiting due to channel error.
Exiting due to channel error.
1614373703722	geckodriver	INFO	Listening on 127.0.0.1:39235
1614373703726	mozrunner::runner	INFO	Running command: "/usr/bin/firefox" "--marionette" "-headless" "-foreground" "-no-remote" "-profile" "/tmp/rust_mozprofileoBqIJp"
*** You are running in headless mode.
console.info: MINT: Trying to use the system region (based on LANG).
console.info: MINT: System region is US
console.warn: SearchSettings: "get: No settings file exists, new profile?" (new Error("", "(unknown module)"))
console.info: MINT: Loading search-config defaults.
JavaScript error: resource://gre/modules/TelemetryUtils.jsm, line 159: TypeError: date is undefined
1614373706517	Marionette	INFO	Listening on port 36235
1614373706571	Marionette	WARN	TLS certificate errors will be ignored for this session
1614373706591	Marionette	ERROR	[15] No reply from Marionette:Register
JavaScript error: http://oshot.info/members/wp-content/plugins/wishlist-widget-control/js/jquery.tooltip.js?ver=1.3, line 27: TypeError: $.browser is undefined
JavaScript warning: http://oshot.info/members/wp-content/plugins/wishlist-widget-control/js/jquery.tooltip.wlp.js?ver=5.6.2, line 38: unreachable code after return statement
JavaScript error: resource://gre/modules/XULStore.jsm, line 66: Error: Can't find profile directory.
JavaScript error: resource://gre/modules/XULStore.jsm, line 66: Error: Can't find profile directory.
JavaScript error: http://oshot.info/members/wp-content/plugins/wishlist-widget-control/js/jquery.tooltip.wlp.js?ver=5.6.2, line 9: TypeError: $(...).tooltip is not a function
Exiting due to channel error.
Exiting due to channel error.
Exiting due to channel error.
1614373720210	geckodriver	INFO	Listening on 127.0.0.1:55071
1614373720214	mozrunner::runner	INFO	Running command: "/usr/bin/firefox" "--marionette" "-headless" "-foreground" "-no-remote" "-profile" "/tmp/rust_mozprofilefFx7JW"
*** You are running in headless mode.
console.info: MINT: Trying to use the system region (based on LANG).
console.info: MINT: System region is US
console.warn: SearchSettings: "get: No settings file exists, new profile?" (new Error("", "(unknown module)"))
console.info: MINT: Loading search-config defaults.
JavaScript error: resource://gre/modules/TelemetryUtils.jsm, line 159: TypeError: date is undefined
1614373723181	Marionette	INFO	Listening on port 37033
1614373723265	Marionette	WARN	TLS certificate errors will be ignored for this session
1614373723280	Marionette	ERROR	[15] No reply from Marionette:Register
JavaScript error: http://oshot.info/members/wp-content/plugins/wishlist-widget-control/js/jquery.tooltip.js?ver=1.3, line 27: TypeError: $.browser is undefined
JavaScript warning: http://oshot.info/members/wp-content/plugins/wishlist-widget-control/js/jquery.tooltip.wlp.js?ver=5.6.2, line 38: unreachable code after return statement
JavaScript error: resource://gre/modules/XULStore.jsm, line 66: Error: Can't find profile directory.
JavaScript error: resource://gre/modules/XULStore.jsm, line 66: Error: Can't find profile directory.
JavaScript error: http://oshot.info/members/wp-content/plugins/wishlist-widget-control/js/jquery.tooltip.wlp.js?ver=5.6.2, line 9: TypeError: $(...).tooltip is not a function
Exiting due to channel error.
Exiting due to channel error.
Exiting due to channel error.
1614373998804	geckodriver	INFO	Listening on 127.0.0.1:52491
1614373998808	mozrunner::runner	INFO	Running command: "/usr/bin/firefox" "--marionette" "-headless" "-foreground" "-no-remote" "-profile" "/tmp/rust_mozprofileC78E7X"
*** You are running in headless mode.
console.info: MINT: Trying to use the system region (based on LANG).
console.info: MINT: System region is US
console.warn: SearchSettings: "get: No settings file exists, new profile?" (new Error("", "(unknown module)"))
console.info: MINT: Loading search-config defaults.
JavaScript error: resource://gre/modules/TelemetryUtils.jsm, line 159: TypeError: date is undefined
1614374001809	Marionette	INFO	Listening on port 40079
1614374001856	Marionette	WARN	TLS certificate errors will be ignored for this session
1614374001874	Marionette	ERROR	[15] No reply from Marionette:Register
JavaScript error: http://oshot.info/members/wp-content/plugins/wishlist-widget-control/js/jquery.tooltip.js?ver=1.3, line 27: TypeError: $.browser is undefined
JavaScript warning: http://oshot.info/members/wp-content/plugins/wishlist-widget-control/js/jquery.tooltip.wlp.js?ver=5.6.2, line 38: unreachable code after return statement
JavaScript error: resource://gre/modules/XULStore.jsm, line 66: Error: Can't find profile directory.
JavaScript error: resource://gre/modules/XULStore.jsm, line 66: Error: Can't find profile directory.
JavaScript error: http://oshot.info/members/wp-content/plugins/wishlist-widget-control/js/jquery.tooltip.wlp.js?ver=5.6.2, line 9: TypeError: $(...).tooltip is not a function
console.info: MINT: main/search-config update being skipped
console.log: WebExtensions: reset-default-search: No addons in our list are installed.
Exiting due to channel error.
Exiting due to channel error.
Exiting due to channel error.
1614374897263	geckodriver	INFO	Listening on 127.0.0.1:44673
1614374897269	mozrunner::runner	INFO	Running command: "/usr/bin/firefox" "--marionette" "-headless" "-foreground" "-no-remote" "-profile" "/tmp/rust_mozprofileRBQLJA"
*** You are running in headless mode.
console.info: MINT: Trying to use the system region (based on LANG).
console.info: MINT: System region is US
console.warn: SearchSettings: "get: No settings file exists, new profile?" (new Error("", "(unknown module)"))
console.info: MINT: Loading search-config defaults.
JavaScript error: resource://gre/modules/TelemetryUtils.jsm, line 159: TypeError: date is undefined
1614374900325	Marionette	INFO	Listening on port 35251
1614374900415	Marionette	WARN	TLS certificate errors will be ignored for this session
1614374900433	Marionette	ERROR	[15] No reply from Marionette:Register
JavaScript error: http://oshot.info/members/wp-content/plugins/wishlist-widget-control/js/jquery.tooltip.js?ver=1.3, line 27: TypeError: $.browser is undefined
JavaScript warning: http://oshot.info/members/wp-content/plugins/wishlist-widget-control/js/jquery.tooltip.wlp.js?ver=5.6.2, line 38: unreachable code after return statement
JavaScript error: resource://gre/modules/XULStore.jsm, line 66: Error: Can't find profile directory.
JavaScript error: resource://gre/modules/XULStore.jsm, line 66: Error: Can't find profile directory.
JavaScript error: http://oshot.info/members/wp-content/plugins/wishlist-widget-control/js/jquery.tooltip.wlp.js?ver=5.6.2, line 9: TypeError: $(...).tooltip is not a function
Exiting due to channel error.
Exiting due to channel error.
Exiting due to channel error.
1614374933073	geckodriver	INFO	Listening on 127.0.0.1:42765
1614374933083	mozrunner::runner	INFO	Running command: "/usr/bin/firefox" "--marionette" "-headless" "-foreground" "-no-remote" "-profile" "/tmp/rust_mozprofileWD0d7w"
*** You are running in headless mode.
console.info: MINT: Trying to use the system region (based on LANG).
console.info: MINT: System region is US
console.warn: SearchSettings: "get: No settings file exists, new profile?" (new Error("", "(unknown module)"))
console.info: MINT: Loading search-config defaults.
JavaScript error: resource://gre/modules/TelemetryUtils.jsm, line 159: TypeError: date is undefined
1614374936100	Marionette	INFO	Listening on port 44603
1614374936220	Marionette	WARN	TLS certificate errors will be ignored for this session
1614374936240	Marionette	ERROR	[15] No reply from Marionette:Register
JavaScript error: http://oshot.info/members/wp-content/plugins/wishlist-widget-control/js/jquery.tooltip.js?ver=1.3, line 27: TypeError: $.browser is undefined
JavaScript warning: http://oshot.info/members/wp-content/plugins/wishlist-widget-control/js/jquery.tooltip.wlp.js?ver=5.6.2, line 38: unreachable code after return statement
JavaScript error: resource://gre/modules/XULStore.jsm, line 66: Error: Can't find profile directory.
JavaScript error: resource://gre/modules/XULStore.jsm, line 66: Error: Can't find profile directory.
JavaScript error: http://oshot.info/members/wp-content/plugins/wishlist-widget-control/js/jquery.tooltip.wlp.js?ver=5.6.2, line 9: TypeError: $(...).tooltip is not a function
Exiting due to channel error.
Exiting due to channel error.
Exiting due to channel error.
1614374990508	geckodriver	INFO	Listening on 127.0.0.1:56359
1614374990517	mozrunner::runner	INFO	Running command: "/usr/bin/firefox" "--marionette" "-headless" "-foreground" "-no-remote" "-profile" "/tmp/rust_mozprofilenIcPBS"
*** You are running in headless mode.
console.info: MINT: Trying to use the system region (based on LANG).
console.info: MINT: System region is US
console.warn: SearchSettings: "get: No settings file exists, new profile?" (new Error("", "(unknown module)"))
console.info: MINT: Loading search-config defaults.
JavaScript error: resource://gre/modules/TelemetryUtils.jsm, line 159: TypeError: date is undefined
1614374993870	Marionette	INFO	Listening on port 45051
1614374993970	Marionette	WARN	TLS certificate errors will be ignored for this session
1614374993997	Marionette	ERROR	[15] No reply from Marionette:Register
JavaScript error: http://oshot.info/members/wp-content/plugins/wishlist-widget-control/js/jquery.tooltip.js?ver=1.3, line 27: TypeError: $.browser is undefined
JavaScript warning: http://oshot.info/members/wp-content/plugins/wishlist-widget-control/js/jquery.tooltip.wlp.js?ver=5.6.2, line 38: unreachable code after return statement
JavaScript error: resource://gre/modules/XULStore.jsm, line 66: Error: Can't find profile directory.
JavaScript error: resource://gre/modules/XULStore.jsm, line 66: Error: Can't find profile directory.
JavaScript error: http://oshot.info/members/wp-content/plugins/wishlist-widget-control/js/jquery.tooltip.wlp.js?ver=5.6.2, line 9: TypeError: $(...).tooltip is not a function
1614375153693	Marionette	INFO	Stopped listening on port 45051
JavaScript error: resource://gre/modules/Sqlite.jsm, line 1031: Error: Sqlite.jsm has been shutdown. Cannot open connection to: /tmp/rust_mozprofilenIcPBS/protections.sqlite
1614376028869	geckodriver	INFO	Listening on 127.0.0.1:38341
1614376028873	mozrunner::runner	INFO	Running command: "/usr/bin/firefox" "--marionette" "-headless" "-foreground" "-no-remote" "-profile" "/tmp/rust_mozprofileyGmvt6"
*** You are running in headless mode.
console.info: MINT: Trying to use the system region (based on LANG).
console.info: MINT: System region is US
console.warn: SearchSettings: "get: No settings file exists, new profile?" (new Error("", "(unknown module)"))
console.info: MINT: Loading search-config defaults.
JavaScript error: resource://gre/modules/TelemetryUtils.jsm, line 159: TypeError: date is undefined
1614376032185	Marionette	INFO	Listening on port 44801
1614376032351	Marionette	WARN	TLS certificate errors will be ignored for this session
1614376032392	Marionette	ERROR	[15] No reply from Marionette:Register
JavaScript error: http://oshot.info/members/wp-content/plugins/wishlist-widget-control/js/jquery.tooltip.js?ver=1.3, line 27: TypeError: $.browser is undefined
JavaScript warning: http://oshot.info/members/wp-content/plugins/wishlist-widget-control/js/jquery.tooltip.wlp.js?ver=5.6.2, line 38: unreachable code after return statement
JavaScript error: resource://gre/modules/XULStore.jsm, line 66: Error: Can't find profile directory.
JavaScript error: resource://gre/modules/XULStore.jsm, line 66: Error: Can't find profile directory.
JavaScript error: http://oshot.info/members/wp-content/plugins/wishlist-widget-control/js/jquery.tooltip.wlp.js?ver=5.6.2, line 9: TypeError: $(...).tooltip is not a function
console.info: MINT: main/search-config update being skipped
console.log: WebExtensions: reset-default-search: No addons in our list are installed.
1614377380819	Marionette	INFO	Stopped listening on port 44801
1614387606616	geckodriver	INFO	Listening on 127.0.0.1:53749
1614387607615	mozrunner::runner	INFO	Running command: "/usr/bin/firefox" "--marionette" "-foreground" "-no-remote" "-profile" "/tmp/rust_mozprofilendNuAR"
console.info: MINT: Trying to use the system region (based on LANG).
console.info: MINT: System region is US
console.warn: SearchSettings: "get: No settings file exists, new profile?" (new Error("", "(unknown module)"))
console.info: MINT: Loading search-config defaults.
JavaScript error: resource://gre/modules/TelemetryUtils.jsm, line 159: TypeError: date is undefined
1614387611334	Marionette	INFO	Listening on port 45885
1614387611456	Marionette	WARN	TLS certificate errors will be ignored for this session
1614387611476	Marionette	ERROR	[15] No reply from Marionette:Register
JavaScript error: http://oshot.info/members/wp-content/plugins/wishlist-widget-control/js/jquery.tooltip.js?ver=1.3, line 27: TypeError: $.browser is undefined
JavaScript warning: http://oshot.info/members/wp-content/plugins/wishlist-widget-control/js/jquery.tooltip.wlp.js?ver=5.6.2, line 38: unreachable code after return statement
JavaScript error: resource://gre/modules/XULStore.jsm, line 66: Error: Can't find profile directory.
JavaScript error: resource://gre/modules/XULStore.jsm, line 66: Error: Can't find profile directory.
JavaScript error: http://oshot.info/members/wp-content/plugins/wishlist-widget-control/js/jquery.tooltip.wlp.js?ver=5.6.2, line 9: TypeError: $(...).tooltip is not a function
1614387711287	Marionette	INFO	Stopped listening on port 45885
1614387842969	geckodriver	INFO	Listening on 127.0.0.1:59271
1614387842973	mozrunner::runner	INFO	Running command: "/usr/bin/firefox" "--marionette" "-headless" "-foreground" "-no-remote" "-profile" "/tmp/rust_mozprofileTCTkxY"
*** You are running in headless mode.
console.info: MINT: Trying to use the system region (based on LANG).
console.info: MINT: System region is US
console.warn: SearchSettings: "get: No settings file exists, new profile?" (new Error("", "(unknown module)"))
console.info: MINT: Loading search-config defaults.
JavaScript error: resource://gre/modules/TelemetryUtils.jsm, line 159: TypeError: date is undefined
1614387846139	Marionette	INFO	Listening on port 33523
1614387846219	Marionette	WARN	TLS certificate errors will be ignored for this session
1614387846236	Marionette	ERROR	[15] No reply from Marionette:Register
JavaScript error: http://oshot.info/members/wp-content/plugins/wishlist-widget-control/js/jquery.tooltip.js?ver=1.3, line 27: TypeError: $.browser is undefined
JavaScript warning: http://oshot.info/members/wp-content/plugins/wishlist-widget-control/js/jquery.tooltip.wlp.js?ver=5.6.2, line 38: unreachable code after return statement
JavaScript error: resource://gre/modules/XULStore.jsm, line 66: Error: Can't find profile directory.
JavaScript error: resource://gre/modules/XULStore.jsm, line 66: Error: Can't find profile directory.
JavaScript error: http://oshot.info/members/wp-content/plugins/wishlist-widget-control/js/jquery.tooltip.wlp.js?ver=5.6.2, line 9: TypeError: $(...).tooltip is not a function
Exiting due to channel error.
Exiting due to channel error.
Exiting due to channel error.
1614387911852	geckodriver	INFO	Listening on 127.0.0.1:38847
1614387911855	mozrunner::runner	INFO	Running command: "/usr/bin/firefox" "--marionette" "-foreground" "-no-remote" "-profile" "/tmp/rust_mozprofilewfljjv"
console.info: MINT: Trying to use the system region (based on LANG).
console.info: MINT: System region is US
console.warn: SearchSettings: "get: No settings file exists, new profile?" (new Error("", "(unknown module)"))
console.info: MINT: Loading search-config defaults.
JavaScript error: resource://gre/modules/TelemetryUtils.jsm, line 159: TypeError: date is undefined
1614387915017	Marionette	INFO	Listening on port 34317
1614387915093	Marionette	WARN	TLS certificate errors will be ignored for this session
1614387915118	Marionette	ERROR	[15] No reply from Marionette:Register
JavaScript error: http://oshot.info/members/wp-content/plugins/wishlist-widget-control/js/jquery.tooltip.js?ver=1.3, line 27: TypeError: $.browser is undefined
JavaScript warning: http://oshot.info/members/wp-content/plugins/wishlist-widget-control/js/jquery.tooltip.wlp.js?ver=5.6.2, line 38: unreachable code after return statement
JavaScript error: resource://gre/modules/XULStore.jsm, line 66: Error: Can't find profile directory.
JavaScript error: resource://gre/modules/XULStore.jsm, line 66: Error: Can't find profile directory.
JavaScript error: http://oshot.info/members/wp-content/plugins/wishlist-widget-control/js/jquery.tooltip.wlp.js?ver=5.6.2, line 9: TypeError: $(...).tooltip is not a function
console.info: MINT: main/search-config update being skipped
1614388224391	Marionette	INFO	Stopped listening on port 34317
JavaScript error: resource://gre/modules/Sqlite.jsm, line 1031: Error: Sqlite.jsm has been shutdown. Cannot open connection to: /tmp/rust_mozprofilewfljjv/protections.sqlite
1614388310659	geckodriver	INFO	Listening on 127.0.0.1:50143
1614388310663	mozrunner::runner	INFO	Running command: "/usr/bin/firefox" "--marionette" "-headless" "-foreground" "-no-remote" "-profile" "/tmp/rust_mozprofileux8Yq5"
*** You are running in headless mode.
console.info: MINT: Trying to use the system region (based on LANG).
console.info: MINT: System region is US
console.warn: SearchSettings: "get: No settings file exists, new profile?" (new Error("", "(unknown module)"))
console.info: MINT: Loading search-config defaults.
JavaScript error: resource://gre/modules/TelemetryUtils.jsm, line 159: TypeError: date is undefined
1614388313717	Marionette	INFO	Listening on port 40047
1614388313803	Marionette	WARN	TLS certificate errors will be ignored for this session
1614388313823	Marionette	ERROR	[15] No reply from Marionette:Register
JavaScript error: http://oshot.info/members/wp-content/plugins/wishlist-widget-control/js/jquery.tooltip.js?ver=1.3, line 27: TypeError: $.browser is undefined
JavaScript warning: http://oshot.info/members/wp-content/plugins/wishlist-widget-control/js/jquery.tooltip.wlp.js?ver=5.6.2, line 38: unreachable code after return statement
JavaScript error: resource://gre/modules/XULStore.jsm, line 66: Error: Can't find profile directory.
JavaScript error: resource://gre/modules/XULStore.jsm, line 66: Error: Can't find profile directory.
JavaScript error: http://oshot.info/members/wp-content/plugins/wishlist-widget-control/js/jquery.tooltip.wlp.js?ver=5.6.2, line 9: TypeError: $(...).tooltip is not a function
1614388380026	Marionette	INFO	Stopped listening on port 40047
1614388425339	geckodriver	INFO	Listening on 127.0.0.1:38643
1614388425345	mozrunner::runner	INFO	Running command: "/usr/bin/firefox" "--marionette" "-headless" "-foreground" "-no-remote" "-profile" "/tmp/rust_mozprofileVT7r9q"
*** You are running in headless mode.
console.info: MINT: Trying to use the system region (based on LANG).
console.info: MINT: System region is US
console.warn: SearchSettings: "get: No settings file exists, new profile?" (new Error("", "(unknown module)"))
console.info: MINT: Loading search-config defaults.
JavaScript error: resource://gre/modules/TelemetryUtils.jsm, line 159: TypeError: date is undefined
1614388427985	Marionette	INFO	Listening on port 40687
1614388428092	Marionette	WARN	TLS certificate errors will be ignored for this session
1614388428115	Marionette	ERROR	[15] No reply from Marionette:Register
JavaScript error: http://oshot.info/members/wp-content/plugins/wishlist-widget-control/js/jquery.tooltip.js?ver=1.3, line 27: TypeError: $.browser is undefined
JavaScript warning: http://oshot.info/members/wp-content/plugins/wishlist-widget-control/js/jquery.tooltip.wlp.js?ver=5.6.2, line 38: unreachable code after return statement
JavaScript error: resource://gre/modules/XULStore.jsm, line 66: Error: Can't find profile directory.
JavaScript error: resource://gre/modules/XULStore.jsm, line 66: Error: Can't find profile directory.
JavaScript error: http://oshot.info/members/wp-content/plugins/wishlist-widget-control/js/jquery.tooltip.wlp.js?ver=5.6.2, line 9: TypeError: $(...).tooltip is not a function
console.info: MINT: main/search-config update being skipped
console.log: WebExtensions: reset-default-search: No addons in our list are installed.
Exiting due to channel error.
Exiting due to channel error.
Exiting due to channel error.
1614393343774	geckodriver	INFO	Listening on 127.0.0.1:48617
1614393344775	mozrunner::runner	INFO	Running command: "/usr/bin/firefox" "--marionette" "-headless" "-foreground" "-no-remote" "-profile" "/tmp/rust_mozprofileF9VyWW"
*** You are running in headless mode.
console.info: MINT: Trying to use the system region (based on LANG).
console.info: MINT: System region is US
console.warn: SearchSettings: "get: No settings file exists, new profile?" (new Error("", "(unknown module)"))
console.info: MINT: Loading search-config defaults.
JavaScript error: resource://gre/modules/TelemetryUtils.jsm, line 159: TypeError: date is undefined
1614393349368	Marionette	INFO	Listening on port 34589
1614393349489	Marionette	WARN	TLS certificate errors will be ignored for this session
1614393349522	Marionette	ERROR	[15] No reply from Marionette:Register
JavaScript error: http://oshot.info/members/wp-content/plugins/wishlist-widget-control/js/jquery.tooltip.js?ver=1.3, line 27: TypeError: $.browser is undefined
JavaScript warning: http://oshot.info/members/wp-content/plugins/wishlist-widget-control/js/jquery.tooltip.wlp.js?ver=5.6.2, line 38: unreachable code after return statement
JavaScript error: resource://gre/modules/XULStore.jsm, line 66: Error: Can't find profile directory.
JavaScript error: resource://gre/modules/XULStore.jsm, line 66: Error: Can't find profile directory.
JavaScript error: http://oshot.info/members/wp-content/plugins/wishlist-widget-control/js/jquery.tooltip.wlp.js?ver=5.6.2, line 9: TypeError: $(...).tooltip is not a function
console.info: MINT: main/search-config update being skipped
console.log: WebExtensions: reset-default-search: No addons in our list are installed.
1614399562624	Marionette	INFO	Stopped listening on port 34589
Exiting due to channel error.
Exiting due to channel error.
Exiting due to channel error.
